Arguments: 
  C:\Program Files\nodejs\node.exe C:\Users\Andrés Olivares\AppData\Roaming\npm\node_modules\yarn\bin\yarn.js run start

PATH: 
  C:\Program Files\ConEmu\ConEmu\Scripts;C:\Program Files\ConEmu;C:\Program Files\ConEmu\ConEmu;C:\Program Files (x86)\Common Files\Oracle\Java\javapath;C:\ProgramData\Oracle\Java\javapath;C:\Program Files (x86)\Intel\iCLS Client\;C:\Program Files\Intel\iCLS Client\;C:\WINDOWS\system32;C:\WINDOWS;C:\WINDOWS\System32\Wbem;C:\WINDOWS\System32\WindowsPowerShell\v1.0\;C:\Program Files (x86)\Intel\Intel(R) Management Engine Components\DAL;C:\Program Files\Intel\Intel(R) Management Engine Components\DAL;C:\Program Files (x86)\Intel\Intel(R) Management Engine Components\IPT;C:\Program Files\Intel\Intel(R) Management Engine Components\IPT;C:\Program Files\MongoDB\Server\3.4\bin;C:\Program Files\PuTTY\;C:\ProgramData\chocolatey\bin;C:\WINDOWS\System32\OpenSSH\;C:\Program Files\R\R-3.4.3\bin;C:\Program Files\Intel\WiFi\bin\;C:\Program Files\Common Files\Intel\WirelessCommon\;D:\ProgramFiles\Go\bin;C:\Program Files\Git\cmd;C:\Program Files\Microsoft SQL Server\Client SDK\ODBC\170\Tools\Binn\;C:\Program Files (x86)\Microsoft SQL Server\150\Tools\Binn\;C:\Program Files\Microsoft SQL Server\150\Tools\Binn\;C:\Program Files\Microsoft SQL Server\150\DTS\Binn\;C:\Program Files (x86)\Microsoft SQL Server\150\DTS\Binn\;C:\Program Files\nodejs\;C:\Python\Python3\Scripts\;C:\Python\Python3\;C:\Users\Andrés Olivares\AppData\Local\Microsoft\WindowsApps;C:\Program Files\MongoDB\Server\3.4\bin;C:\Users\Andrés Olivares\AppData\Local\atom\bin;C:\Program Files\Heroku\bin;C:\Users\Andrés Olivares\AppData\Local\Microsoft\WindowsApps;C:\Users\Andrés Olivares\AppData\Local\.meteor;C:\Program Files\Java\jdk1.8.0_144\bin;C:\Program Files\R\R-3.4.3\bin;C:\Users\Andrés Olivares\go\bin;C:\Users\Andrés Olivares\AppData\Local\Programs\Microsoft VS Code\bin;C:\Users\Andrés Olivares\AppData\Local\Programs\Azure Data Studio\bin;C:\Users\Andrés Olivares\AppData\Roaming\npm

Yarn version: 
  1.5.1

Node version: 
  14.8.0

Platform: 
  win32 x64

npm manifest: 
  No manifest

yarn manifest: 
  No manifest

Lockfile: 
  No lockfile

Trace: 
  Error: Couldn't find a package.json file in "D:\\trabajos\\Comsistelco\\ticketapp"
      at new MessageError (C:\Users\Andrés Olivares\AppData\Roaming\npm\node_modules\yarn\lib\cli.js:186:110)
      at C:\Users\Andrés Olivares\AppData\Roaming\npm\node_modules\yarn\lib\cli.js:40048:15
      at Generator.next (<anonymous>)
      at step (C:\Users\Andrés Olivares\AppData\Roaming\npm\node_modules\yarn\lib\cli.js:98:30)
      at C:\Users\Andrés Olivares\AppData\Roaming\npm\node_modules\yarn\lib\cli.js:109:13
